# JRE version: OpenJDK Runtime Environment (15.0.2+7) (build 15.0.2+7-27)
# Java VM: OpenJDK 64-Bit Server VM (15.0.2+7-27, mixed mode, tiered, compressed oops, g1 gc, windows-amd64)
GC Precious Log:
 CPUs: 8 total, 8 available
 Memory: 16246M
 Large Page Support: Disabled
 NUMA Support: Disabled
 Compressed Oops: Enabled (Zero based)
 Heap Region Size: 2M
 Heap Min Capacity: 8M
 Heap Initial Capacity: 254M
 Heap Max Capacity: 4062M
 Pre-touch: Disabled
 Parallel Workers: 8
 Concurrent Workers: 2
 Concurrent Refinement Workers: 8
 Periodic GC: Disabled
Heap:
 garbage-first heap   total 40960K, used 25880K [0x0000000702200000, 0x0000000800000000)
  region size 2048K, 12 young (24576K), 2 survivors (4096K)
 Metaspace       used 30739K, capacity 31109K, committed 31360K, reserved 1077248K
  class space    used 3236K, capacity 3353K, committed 3456K, reserved 1048576K
GC Heap History (8 events):
Event: 3.808 GC heap before
{Heap before GC invocations=0 (full 0):
 garbage-first heap   total 260096K, used 22528K [0x0000000702200000, 0x0000000800000000)
  region size 2048K, 11 young (22528K), 0 survivors (0K)
 Metaspace       used 15756K, capacity 16052K, committed 16256K, reserved 1064960K
  class space    used 1533K, capacity 1631K, committed 1664K, reserved 1048576K
}
Event: 3.822 GC heap after
{Heap after GC invocations=1 (full 0):
 garbage-first heap   total 260096K, used 3735K [0x0000000702200000, 0x0000000800000000)
  region size 2048K, 2 young (4096K), 2 survivors (4096K)
 Metaspace       used 15756K, capacity 16052K, committed 16256K, reserved 1064960K
  class space    used 1533K, capacity 1631K, committed 1664K, reserved 1048576K
}
Event: 5.006 GC heap before
{Heap before GC invocations=1 (full 0):
 garbage-first heap   total 260096K, used 30359K [0x0000000702200000, 0x0000000800000000)
  region size 2048K, 15 young (30720K), 2 survivors (4096K)
 Metaspace       used 20924K, capacity 21205K, committed 21248K, reserved 1069056K
  class space    used 2189K, capacity 2303K, committed 2304K, reserved 1048576K
}
Event: 5.018 GC heap after
{Heap after GC invocations=2 (full 0):
 garbage-first heap   total 260096K, used 5768K [0x0000000702200000, 0x0000000800000000)
  region size 2048K, 2 young (4096K), 2 survivors (4096K)
 Metaspace       used 20924K, capacity 21205K, committed 21248K, reserved 1069056K
  class space    used 2189K, capacity 2303K, committed 2304K, reserved 1048576K
}
Event: 5.018 GC heap before
{Heap before GC invocations=2 (full 0):
 garbage-first heap   total 260096K, used 5768K [0x0000000702200000, 0x0000000800000000)
  region size 2048K, 3 young (6144K), 2 survivors (4096K)
 Metaspace       used 20924K, capacity 21205K, committed 21248K, reserved 1069056K
  class space    used 2189K, capacity 2303K, committed 2304K, reserved 1048576K
}
Event: 5.021 GC heap after
{Heap after GC invocations=3 (full 0):
 garbage-first heap   total 260096K, used 5755K [0x0000000702200000, 0x0000000800000000)
  region size 2048K, 2 young (4096K), 2 survivors (4096K)
 Metaspace       used 20924K, capacity 21205K, committed 21248K, reserved 1069056K
  class space    used 2189K, capacity 2303K, committed 2304K, reserved 1048576K
}
Event: 6.051 GC heap before
{Heap before GC invocations=4 (full 0):
 garbage-first heap   total 40960K, used 26235K [0x0000000702200000, 0x0000000800000000)
  region size 2048K, 12 young (24576K), 2 survivors (4096K)
 Metaspace       used 26026K, capacity 26386K, committed 26496K, reserved 1073152K
  class space    used 2792K, capacity 2915K, committed 2944K, reserved 1048576K
}
Event: 6.056 GC heap after
{Heap after GC invocations=5 (full 0):
 garbage-first heap   total 40960K, used 7448K [0x0000000702200000, 0x0000000800000000)
  region size 2048K, 2 young (4096K), 2 survivors (4096K)
 Metaspace       used 26026K, capacity 26386K, committed 26496K, reserved 1073152K
  class space    used 2792K, capacity 2915K, committed 2944K, reserved 1048576K
}

