<?xml version="1.0" encoding="UTF-8"?>
<!-- Generated by org.testng.reporters.JUnitXMLReporter -->
<testsuite ignored="1" hostname="VX-LT-0082" failures="1" tests="1" name="loginWithValidCredentialsTest" time="120.126" errors="0" timestamp="2022-11-23T16:22:46 PKT">
  <testcase classname="tests.TS_01_VerifyOpenCartLoginTests" name="loginWithValidCredentialsTest" time="102.503">
    <failure type="com.microsoft.playwright.TimeoutError" message="Error {
  message=&amp;apos;Timeout 30000ms exceeded.
=========================== logs ===========================
waiting for selector &amp;quot;//span[text()=&amp;apos;Next: Get Shipping Option&amp;apos;]&amp;quot;
============================================================
  name=&amp;apos;TimeoutError
  stack=&amp;apos;TimeoutError: Timeout 30000ms exceeded.
=========================== logs ===========================
waiting for selector &amp;quot;//span[text()=&amp;apos;Next: Get Shipping Option&amp;apos;]&amp;quot;
============================================================
    at ProgressController.run (C:\Users\MUHAMM~1\AppData\Local\Temp\playwright-java-13281849324971358218\package\lib\server\progress.js:96:26)
    at Frame.click (C:\Users\MUHAMM~1\AppData\Local\Temp\playwright-java-13281849324971358218\package\lib\server\frames.js:1191:23)
    at FrameDispatcher.click (C:\Users\MUHAMM~1\AppData\Local\Temp\playwright-java-13281849324971358218\package\lib\server\dispatchers\frameDispatcher.js:173:30)
    at DispatcherConnection.dispatch (C:\Users\MUHAMM~1\AppData\Local\Temp\playwright-java-13281849324971358218\package\lib\server\dispatchers\dispatcher.js:401:46)
}">
      <![CDATA[com.microsoft.playwright.TimeoutError: Error {
  message='Timeout 30000ms exceeded.
=========================== logs ===========================
waiting for selector "//span[text()='Next: Get Shipping Option']"
============================================================
  name='TimeoutError
  stack='TimeoutError: Timeout 30000ms exceeded.
=========================== logs ===========================
waiting for selector "//span[text()='Next: Get Shipping Option']"
============================================================
    at ProgressController.run (C:\Users\MUHAMM~1\AppData\Local\Temp\playwright-java-13281849324971358218\package\lib\server\progress.js:96:26)
    at Frame.click (C:\Users\MUHAMM~1\AppData\Local\Temp\playwright-java-13281849324971358218\package\lib\server\frames.js:1191:23)
    at FrameDispatcher.click (C:\Users\MUHAMM~1\AppData\Local\Temp\playwright-java-13281849324971358218\package\lib\server\dispatchers\frameDispatcher.js:173:30)
    at DispatcherConnection.dispatch (C:\Users\MUHAMM~1\AppData\Local\Temp\playwright-java-13281849324971358218\package\lib\server\dispatchers\dispatcher.js:401:46)
}
at com.microsoft.playwright.impl.WaitableResult.get(WaitableResult.java:52)
at com.microsoft.playwright.impl.ChannelOwner.runUntil(ChannelOwner.java:111)
at com.microsoft.playwright.impl.Connection.sendMessage(Connection.java:113)
at com.microsoft.playwright.impl.ChannelOwner.sendMessage(ChannelOwner.java:102)
at com.microsoft.playwright.impl.FrameImpl.clickImpl(FrameImpl.java:256)
at com.microsoft.playwright.impl.PageImpl.lambda$click$17(PageImpl.java:626)
at com.microsoft.playwright.impl.LoggingSupport.lambda$withLogging$0(LoggingSupport.java:36)
at com.microsoft.playwright.impl.LoggingSupport.withLogging(LoggingSupport.java:47)
at com.microsoft.playwright.impl.ChannelOwner.withLogging(ChannelOwner.java:87)
at com.microsoft.playwright.impl.LoggingSupport.withLogging(LoggingSupport.java:35)
at com.microsoft.playwright.impl.PageImpl.click(PageImpl.java:625)
at com.microsoft.playwright.Page.click(Page.java:3584)
at pages.LoginPage.ship(LoginPage.java:268)
at tests.TS_01_VerifyOpenCartLoginTests.loginWithValidCredentialsTest(TS_01_VerifyOpenCartLoginTests.java:39)
at java.base/java.util.ArrayList.forEach(ArrayList.java:1511)
Caused by: com.microsoft.playwright.TimeoutError: Error {
  message='Timeout 30000ms exceeded.
=========================== logs ===========================
waiting for selector "//span[text()='Next: Get Shipping Option']"
============================================================
  name='TimeoutError
  stack='TimeoutError: Timeout 30000ms exceeded.
=========================== logs ===========================
waiting for selector "//span[text()='Next: Get Shipping Option']"
============================================================
    at ProgressController.run (C:\Users\MUHAMM~1\AppData\Local\Temp\playwright-java-13281849324971358218\package\lib\server\progress.js:96:26)
    at Frame.click (C:\Users\MUHAMM~1\AppData\Local\Temp\playwright-java-13281849324971358218\package\lib\server\frames.js:1191:23)
    at FrameDispatcher.click (C:\Users\MUHAMM~1\AppData\Local\Temp\playwright-java-13281849324971358218\package\lib\server\dispatchers\frameDispatcher.js:173:30)
    at DispatcherConnection.dispatch (C:\Users\MUHAMM~1\AppData\Local\Temp\playwright-java-13281849324971358218\package\lib\server\dispatchers\dispatcher.js:401:46)
}
at com.microsoft.playwright.impl.Connection.dispatch(Connection.java:193)
at com.microsoft.playwright.impl.Connection.processOneMessage(Connection.java:175)
at com.microsoft.playwright.impl.ChannelOwner.runUntil(ChannelOwner.java:109)
... 40 more
... Removed 27 stack frames]]>
    </failure>
  </testcase> <!-- loginWithValidCredentialsTest -->
  <testcase classname="tests.TS_01_VerifyOpenCartLoginTests" name="loginWithInvalidCredentialsTest" time="0.0">
    <ignored/>
  </testcase> <!-- loginWithInvalidCredentialsTest -->
</testsuite> <!-- loginWithValidCredentialsTest -->
